1 - ICFR2209, NOAM0109, RIMI0102
2 - CECL3102, CISO0603, COSO1410, EQDE2712, FCHU0608
3 - AKAR0112, BAAL3002, BSNU0303, CAAN0111, CCSH2511
3 - CEPO0110, CHAM1604
3 - CJLE1101, CKBA2702, CKSM1601, CNDU1610, CNDU2509
3 - CRHA1704, CRSA0904, CSBA0107, CSMA1207
3 - ETCL2601, EYME0306, FAFE1811
3 - FRSA1911, HERY1403, HKKA1309, IAZZ2509
2 - IQSW1310, ITWI3101, KAHO3104, KPGO2905, LSIM0603
3 - ICZZ1710, IHTU1606, IKAR2901, ILFR1010
3 - IRSO2701, ISBE2810
3 - JACP1805, JHCH3102, JIRO1110, JKKU2811
3 - KCNA1606, KCZI2704, KHHJ2906, KIFR2908, KIIG1603
3 - LHKA1308, LNTB0506, LRAC1106
3 - NHLO0906, NJDU2203
2 - OCSN2104, QATN0204, QHSW2601
3 - NOOH2104, NSDU1912, OCPO1602
3 - ONSO0909, PCDI0407
3 - QCPO1106, QCXM0603, QHRY1311
3 - QITN1203, RFSN1201, RIIG0906
2 - SBFU1712, SQTC1001
3 - RKSA0102, SACU3101
3 - SFCA1211, SFYE0103, SNOH2411, SPCA2504
3 - TIIG0910, YIIG0908

CCSH2511
Counter Logic Gaming
CJ Entus
25/11/2011
50:05
CJ Entus
05
39
Shy

CHAM1604
CJ Entus
H2k-Gaming
16/04/2014
30:19
CJ Entus
32
23
Ambition

CJLE1101
Cloud9
Jin Air Green Wings
11/01/2014
69:57
Cloud9
20
18
LemonNation

CKBA2702
Cloud9
KOO Tigers
27/02/2012
46:49
Cloud9
39
15
Balls

CRHA1704
Cloud9
Rebels Anarchy
17/04/2012
50:02
Cloud9
07
06
Hai

OCSN2104
Origen
Cloud9
21/04/2015
47:21
Cloud9
22
25
Sneaky

CEPO0110
Counter Logic Gaming
Edward Gaming
01/10/2015
56:22
Counter Logic Gaming
31
06
Pobelter

KCZI2704
kt Rolster
Counter Logic Gaming
27/04/2014
22:50
Counter Logic Gaming
00
22
ZionSpartan

OCPO1602
Origen
Counter Logic Gaming
16/02/2013
39:15
Counter Logic Gaming
31
37
Pobelter

QCPO1106
Qiao Gu Reapers
Counter Logic Gaming
11/06/2015
65:49
Counter Logic Gaming
11
33
Pobelter

QCXM0603
Qiao Gu Reapers
Counter Logic Gaming
06/03/2015
66:36
Counter Logic Gaming
31
36
Xmithie

CECL3102
CJ Entus
Edward Gaming
31/02/2011
58:16
Edward Gaming
08
15
Clearlove

EQDE2712
Edward Gaming
Qiao Gu Reapers
27/12/2015
38:13
Edward Gaming
33
13
Deft

ETCL2601
Edward Gaming
Team SoloMid
26/01/2014
27:37
Edward Gaming
39
14
Clearlove

EYME0306
Edward Gaming
yoe Flash Wolves
03/06/2014
68:37
Edward Gaming
39
29
Meiko

FAFE1811
Fnatic
ahq e-Sports Club
18/11/2011
28:36
Fnatic
40
09
Febiven

FCHU0608
Fnatic
CJ Entus
06/08/2014
28:43
Fnatic
35
29
Huni

SFYE0103
Samsung Galaxy
Fnatic
01/03/2014
62:18
Fnatic
15
15
YellOwStaR

HERY1403
H2k-Gaming
Edward Gaming
14/03/2015
67:02
H2k-Gaming
12
10
Ryu

HKKA1309
H2k-Gaming
kt Rolster
13/09/2011
27:10
H2k-Gaming
14
08
kaSing

KHHJ2906
kt Rolster
H2k-Gaming
29/06/2015
62:11
H2k-Gaming
12
18
Hjarnan

LHKA1308
LGD Gaming
H2k-Gaming
13/08/2013
23:49
H2k-Gaming
07
14
kaSing

NHLO0906
NaJin e-mFire
H2k-Gaming
09/06/2015
55:58
H2k-Gaming
21
25
loulex

QHRY1311
Qiao Gu Reapers
H2k-Gaming
13/11/2012
55:43
H2k-Gaming
10
30
Ryu

CISO0603
Cloud9
Incredible Miracle
06/03/2012
50:26
Incredible Miracle
19
29
SONSTAR

ICFR2209
Incredible Miracle
CJ Entus
22/09/2012
27:11
Incredible Miracle
27
00
Frozen

IHTU1606
Incredible Miracle
H2k-Gaming
16/06/2013
33:12
Incredible Miracle
17
13
TuSin

ILFR1010
Incredible Miracle
LGD Gaming
10/10/2013
41:46
Incredible Miracle
25
03
Frozen

IRSO2701
Incredible Miracle
Rebels Anarchy
27/01/2012
37:06
Incredible Miracle
30
04
SONSTAR

KIFR2908
KOO Tigers
Incredible Miracle
29/08/2014
65:59
Incredible Miracle
22
35
Frozen

KIIG1603
KOO Tigers
Incredible Miracle
16/03/2015
37:30
Incredible Miracle
30
37
IgNar

RIIG0906
Rebels Anarchy
Incredible Miracle
09/06/2015
52:39
Incredible Miracle
26
35
IgNar

TIIG0910
Team SoloMid
Incredible Miracle
09/10/2011
49:12
Incredible Miracle
18
20
IgNar

YIIG0908
yoe Flash Wolves
Incredible Miracle
09/08/2015
44:41
Incredible Miracle
03
07
IgNar

IAZZ2509
Invictus Gaming
ahq e-Sports Club
25/09/2011
55:05
Invictus Gaming
05
03
Zzitai

ICZZ1710
Invictus Gaming
Cloud9
17/10/2012
25:20
Invictus Gaming
34
05
Zzitai

JIRO1110
Jin Air Green Wings
Invictus Gaming
11/10/2012
29:01
Invictus Gaming
29
31
Rookie

JACP1805
Jin Air Green Wings
ahq e-Sports Club
18/05/2014
47:27
Jin Air Green Wings
39
06
Cpt Jack

JHCH3102
Jin Air Green Wings
H2k-Gaming
31/02/2014
21:22
Jin Air Green Wings
34
21
Chei

CKSM1601
Counter Logic Gaming
KOO Tigers
16/01/2013
51:48
KOO Tigers
19
30
Smeb

JKKU2811
Jin Air Green Wings
KOO Tigers
28/11/2011
41:43
KOO Tigers
03
04
kurO

KAHO3104
KOO Tigers
ahq e-Sports Club
31/04/2014
53:10
KOO Tigers
29
17
hojin

KPGO2905
KOO Tigers
paiN Gaming
29/05/2012
58:04
KOO Tigers
10
06
GorillA

LNTB0506
LGD Gaming
NaJin e-mFire
05/06/2015
33:42
LGD Gaming
17
16
TBQ

LRAC1106
LGD Gaming
Rebels Anarchy
11/06/2011
42:19
LGD Gaming
33
12
Acorn

LSIM0603
LGD Gaming
Samsung Galaxy
06/03/2015
41:58
LGD Gaming
38
28
imp

CNDU1610
Counter Logic Gaming
NaJin e-mFire
16/10/2011
69:14
NaJin e-mFire
06
29
Duke

CNDU2509
Cloud9
NaJin e-mFire
25/09/2013
53:25
NaJin e-mFire
10
13
Duke

NJDU2203
NaJin e-mFire
Jin Air Green Wings
22/03/2011
49:22
NaJin e-mFire
25
13
Duke

NOOH2104
NaJin e-mFire
Origen
21/04/2012
26:19
NaJin e-mFire
22
15
ohq

NSDU1912
NaJin e-mFire
SBENU Sonicboom
19/12/2011
59:36
NaJin e-mFire
11
01
Duke

SNOH2411
Samsung Galaxy
NaJin e-mFire
24/11/2013
66:45
NaJin e-mFire
08
27
ohq

COSO1410
Counter Logic Gaming
Origen
14/10/2012
46:04
Origen
06
24
SoaZ

NOAM0109
NaJin e-mFire
Origen
01/09/2014
32:54
Origen
01
02
Amazing

ONSO0909
Origen
NaJin e-mFire
09/09/2011
33:44
Origen
34
17
SoaZ

IQSW1310
Invictus Gaming
Qiao Gu Reapers
13/10/2015
43:32
Qiao Gu Reapers
08
24
Swift

QATN0204
Qiao Gu Reapers
ahq e-Sports Club
02/04/2012
60:29
Qiao Gu Reapers
32
28
TnT

QHSW2601
Qiao Gu Reapers
H2k-Gaming
26/01/2011
62:20
Qiao Gu Reapers
09
06
Swift

QITN1203
Qiao Gu Reapers
Incredible Miracle
12/03/2013
66:05
Qiao Gu Reapers
36
14
TnT

SQTC1001
SK Telecom T1
Qiao Gu Reapers
10/01/2011
46:23
Qiao Gu Reapers
21
35
TcT

CRSA0904
Cloud9
Rebels Anarchy
09/04/2015
32:02
Rebels Anarchy
11
20
Sangyoon

FRSA1911
Fnatic
Rebels Anarchy
19/11/2015
41:16
Rebels Anarchy
11
13
Sangyoon

RFSN1201
Rebels Anarchy
Fnatic
12/01/2011
33:36
Rebels Anarchy
28
18
SnowFlower

RIMI0102
Rebels Anarchy
Incredible Miracle
01/02/2013
63:36
Rebels Anarchy
17
13
Mickey

RKSA0102
Rebels Anarchy
KOO Tigers
01/02/2012
52:43
Rebels Anarchy
36
12
Sangyoon

BSNU0303
Bangkok Titans
SBENU Sonicboom
03/03/2014
27:16
SBENU Sonicboom
07
34
Nuclear

SFCA1211
SBENU Sonicboom
Fnatic
12/11/2013
69:47
SBENU Sonicboom
39
05
Catch

SPCA2504
SBENU Sonicboom
paiN Gaming
25/04/2012
43:30
SBENU Sonicboom
36
01
Catch

CSBA0107
Cloud9
SK Telecom T1
01/07/2015
41:49
SK Telecom T1
07
29
Bang

CSMA1207
Cloud9
SK Telecom T1
12/07/2013
22:32
SK Telecom T1
09
17
MaRin

ISBE2810
Invictus Gaming
SK Telecom T1
28/10/2015
22:06
SK Telecom T1
12
30
bengi

SACU3101
Samsung Galaxy
ahq e-Sports Club
31/01/2014
37:25
Samsung Galaxy
38
03
CuVee

SBFU1712
Samsung Galaxy
Bangkok Titans
17/12/2015
29:33
Samsung Galaxy
37
18
Fury

ITWI3101
Incredible Miracle
Team SoloMid
31/01/2014
52:53
Team SoloMid
00
31
WildTurtle

BAAL3002
Bangkok Titans
ahq e-Sports Club
30/02/2014
39:07
ahq e-Sports Club
05
38
Albis

CAAN0111
Counter Logic Gaming
ahq e-Sports Club
01/11/2015
32:34
ahq e-Sports Club
02
15
AN

AKAR0112
ahq e-Sports Club
kt Rolster
01/12/2012
67:41
kt Rolster
03
07
Arrow

IKAR2901
Invictus Gaming
kt Rolster
29/01/2013
62:29
kt Rolster
02
38
Arrow

KCNA1606
kt Rolster
CJ Entus
16/06/2013
55:18
kt Rolster
26
23
Nagne

PCDI0407
paiN Gaming
Cloud9
04/07/2011
60:24
paiN Gaming
18
16
Dioud

CAAN0111
Counter Logic Gaming
ahq e-Sports Club
01/11/2015
32:34
ahq e-Sports Club
02
15
AN

LRAC1106
LGD Gaming
Rebels Anarchy
11/06/2011
42:19
LGD Gaming
33
12
Acorn

BAAL3002
Bangkok Titans
ahq e-Sports Club
30/02/2014
39:07
ahq e-Sports Club
05
38
Albis

NOAM0109
NaJin e-mFire
Origen
01/09/2014
32:54
Origen
01
02
Amazing

CHAM1604
CJ Entus
H2k-Gaming
16/04/2014
30:19
CJ Entus
32
23
Ambition

AKAR0112
ahq e-Sports Club
kt Rolster
01/12/2012
67:41
kt Rolster
03
07
Arrow

IKAR2901
Invictus Gaming
kt Rolster
29/01/2013
62:29
kt Rolster
02
38
Arrow

CKBA2702
Cloud9
KOO Tigers
27/02/2012
46:49
Cloud9
39
15
Balls

CSBA0107
Cloud9
SK Telecom T1
01/07/2015
41:49
SK Telecom T1
07
29
Bang

SFCA1211
SBENU Sonicboom
Fnatic
12/11/2013
69:47
SBENU Sonicboom
39
05
Catch

SPCA2504
SBENU Sonicboom
paiN Gaming
25/04/2012
43:30
SBENU Sonicboom
36
01
Catch

JHCH3102
Jin Air Green Wings
H2k-Gaming
31/02/2014
21:22
Jin Air Green Wings
34
21
Chei

CECL3102
CJ Entus
Edward Gaming
31/02/2011
58:16
Edward Gaming
08
15
Clearlove

ETCL2601
Edward Gaming
Team SoloMid
26/01/2014
27:37
Edward Gaming
39
14
Clearlove

JACP1805
Jin Air Green Wings
ahq e-Sports Club
18/05/2014
47:27
Jin Air Green Wings
39
06
Cpt Jack

SACU3101
Samsung Galaxy
ahq e-Sports Club
31/01/2014
37:25
Samsung Galaxy
38
03
CuVee

EQDE2712
Edward Gaming
Qiao Gu Reapers
27/12/2015
38:13
Edward Gaming
33
13
Deft

PCDI0407
paiN Gaming
Cloud9
04/07/2011
60:24
paiN Gaming
18
16
Dioud

CNDU1610
Counter Logic Gaming
NaJin e-mFire
16/10/2011
69:14
NaJin e-mFire
06
29
Duke

CNDU2509
Cloud9
NaJin e-mFire
25/09/2013
53:25
NaJin e-mFire
10
13
Duke

NJDU2203
NaJin e-mFire
Jin Air Green Wings
22/03/2011
49:22
NaJin e-mFire
25
13
Duke

NSDU1912
NaJin e-mFire
SBENU Sonicboom
19/12/2011
59:36
NaJin e-mFire
11
01
Duke

FAFE1811
Fnatic
ahq e-Sports Club
18/11/2011
28:36
Fnatic
40
09
Febiven

ICFR2209
Incredible Miracle
CJ Entus
22/09/2012
27:11
Incredible Miracle
27
00
Frozen

ILFR1010
Incredible Miracle
LGD Gaming
10/10/2013
41:46
Incredible Miracle
25
03
Frozen

KIFR2908
KOO Tigers
Incredible Miracle
29/08/2014
65:59
Incredible Miracle
22
35
Frozen

SBFU1712
Samsung Galaxy
Bangkok Titans
17/12/2015
29:33
Samsung Galaxy
37
18
Fury

KPGO2905
KOO Tigers
paiN Gaming
29/05/2012
58:04
KOO Tigers
10
06
GorillA

CRHA1704
Cloud9
Rebels Anarchy
17/04/2012
50:02
Cloud9
07
06
Hai

KHHJ2906
kt Rolster
H2k-Gaming
29/06/2015
62:11
H2k-Gaming
12
18
Hjarnan

FCHU0608
Fnatic
CJ Entus
06/08/2014
28:43
Fnatic
35
29
Huni

KIIG1603
KOO Tigers
Incredible Miracle
16/03/2015
37:30
Incredible Miracle
30
37
IgNar

RIIG0906
Rebels Anarchy
Incredible Miracle
09/06/2015
52:39
Incredible Miracle
26
35
IgNar

TIIG0910
Team SoloMid
Incredible Miracle
09/10/2011
49:12
Incredible Miracle
18
20
IgNar

YIIG0908
yoe Flash Wolves
Incredible Miracle
09/08/2015
44:41
Incredible Miracle
03
07
IgNar

CJLE1101
Cloud9
Jin Air Green Wings
11/01/2014
69:57
Cloud9
20
18
LemonNation

CSMA1207
Cloud9
SK Telecom T1
12/07/2013
22:32
SK Telecom T1
09
17
MaRin

EYME0306
Edward Gaming
yoe Flash Wolves
03/06/2014
68:37
Edward Gaming
39
29
Meiko

RIMI0102
Rebels Anarchy
Incredible Miracle
01/02/2013
63:36
Rebels Anarchy
17
13
Mickey

KCNA1606
kt Rolster
CJ Entus
16/06/2013
55:18
kt Rolster
26
23
Nagne

BSNU0303
Bangkok Titans
SBENU Sonicboom
03/03/2014
27:16
SBENU Sonicboom
07
34
Nuclear

CEPO0110
Counter Logic Gaming
Edward Gaming
01/10/2015
56:22
Counter Logic Gaming
31
06
Pobelter

OCPO1602
Origen
Counter Logic Gaming
16/02/2013
39:15
Counter Logic Gaming
31
37
Pobelter

QCPO1106
Qiao Gu Reapers
Counter Logic Gaming
11/06/2015
65:49
Counter Logic Gaming
11
33
Pobelter

JIRO1110
Jin Air Green Wings
Invictus Gaming
11/10/2012
29:01
Invictus Gaming
29
31
Rookie

HERY1403
H2k-Gaming
Edward Gaming
14/03/2015
67:02
H2k-Gaming
12
10
Ryu

QHRY1311
Qiao Gu Reapers
H2k-Gaming
13/11/2012
55:43
H2k-Gaming
10
30
Ryu

CISO0603
Cloud9
Incredible Miracle
06/03/2012
50:26
Incredible Miracle
19
29
SONSTAR

IRSO2701
Incredible Miracle
Rebels Anarchy
27/01/2012
37:06
Incredible Miracle
30
04
SONSTAR

CRSA0904
Cloud9
Rebels Anarchy
09/04/2015
32:02
Rebels Anarchy
11
20
Sangyoon

FRSA1911
Fnatic
Rebels Anarchy
19/11/2015
41:16
Rebels Anarchy
11
13
Sangyoon

RKSA0102
Rebels Anarchy
KOO Tigers
01/02/2012
52:43
Rebels Anarchy
36
12
Sangyoon

CCSH2511
Counter Logic Gaming
CJ Entus
25/11/2011
50:05
CJ Entus
05
39
Shy

CKSM1601
Counter Logic Gaming
KOO Tigers
16/01/2013
51:48
KOO Tigers
19
30
Smeb

OCSN2104
Origen
Cloud9
21/04/2015
47:21
Cloud9
22
25
Sneaky

RFSN1201
Rebels Anarchy
Fnatic
12/01/2011
33:36
Rebels Anarchy
28
18
SnowFlower

COSO1410
Counter Logic Gaming
Origen
14/10/2012
46:04
Origen
06
24
SoaZ

ONSO0909
Origen
NaJin e-mFire
09/09/2011
33:44
Origen
34
17
SoaZ

IQSW1310
Invictus Gaming
Qiao Gu Reapers
13/10/2015
43:32
Qiao Gu Reapers
08
24
Swift

QHSW2601
Qiao Gu Reapers
H2k-Gaming
26/01/2011
62:20
Qiao Gu Reapers
09
06
Swift

LNTB0506
LGD Gaming
NaJin e-mFire
05/06/2015
33:42
LGD Gaming
17
16
TBQ

SQTC1001
SK Telecom T1
Qiao Gu Reapers
10/01/2011
46:23
Qiao Gu Reapers
21
35
TcT

QATN0204
Qiao Gu Reapers
ahq e-Sports Club
02/04/2012
60:29
Qiao Gu Reapers
32
28
TnT

QITN1203
Qiao Gu Reapers
Incredible Miracle
12/03/2013
66:05
Qiao Gu Reapers
36
14
TnT

IHTU1606
Incredible Miracle
H2k-Gaming
16/06/2013
33:12
Incredible Miracle
17
13
TuSin

ITWI3101
Incredible Miracle
Team SoloMid
31/01/2014
52:53
Team SoloMid
00
31
WildTurtle

QCXM0603
Qiao Gu Reapers
Counter Logic Gaming
06/03/2015
66:36
Counter Logic Gaming
31
36
Xmithie

SFYE0103
Samsung Galaxy
Fnatic
01/03/2014
62:18
Fnatic
15
15
YellOwStaR

KCZI2704
kt Rolster
Counter Logic Gaming
27/04/2014
22:50
Counter Logic Gaming
00
22
ZionSpartan

IAZZ2509
Invictus Gaming
ahq e-Sports Club
25/09/2011
55:05
Invictus Gaming
05
03
Zzitai

ICZZ1710
Invictus Gaming
Cloud9
17/10/2012
25:20
Invictus Gaming
34
05
Zzitai

ISBE2810
Invictus Gaming
SK Telecom T1
28/10/2015
22:06
SK Telecom T1
12
30
bengi

KAHO3104
KOO Tigers
ahq e-Sports Club
31/04/2014
53:10
KOO Tigers
29
17
hojin

LSIM0603
LGD Gaming
Samsung Galaxy
06/03/2015
41:58
LGD Gaming
38
28
imp

HKKA1309
H2k-Gaming
kt Rolster
13/09/2011
27:10
H2k-Gaming
14
08
kaSing

LHKA1308
LGD Gaming
H2k-Gaming
13/08/2013
23:49
H2k-Gaming
07
14
kaSing

JKKU2811
Jin Air Green Wings
KOO Tigers
28/11/2011
41:43
KOO Tigers
03
04
kurO

NHLO0906
NaJin e-mFire
H2k-Gaming
09/06/2015
55:58
H2k-Gaming
21
25
loulex

NOOH2104
NaJin e-mFire
Origen
21/04/2012
26:19
NaJin e-mFire
22
15
ohq

SNOH2411
Samsung Galaxy
NaJin e-mFire
24/11/2013
66:45
NaJin e-mFire
08
27
ohq

Busca por INVALIDO. Nos percorridos:
ICFR2209, NOAM0109, RIMI0102
IQSW1310, ITWI3101, KAHO3104, KPGO2905, LSIM0603
ICZZ1710, IHTU1606, IKAR2901, ILFR1010

Registro nao encontrado!

Busca por CECL3102. Nos percorridos:
ICFR2209, NOAM0109, RIMI0102
CECL3102, CISO0603, COSO1410, EQDE2712, FCHU0608

CECL3102
CJ Entus
Edward Gaming
31/02/2011
58:16
Edward Gaming
08
15
Clearlove

Busca por CISO0603. Nos percorridos:
ICFR2209, NOAM0109, RIMI0102
CECL3102, CISO0603, COSO1410, EQDE2712, FCHU0608

CISO0603
Cloud9
Incredible Miracle
06/03/2012
50:26
Incredible Miracle
19
29
SONSTAR

CKSM1601
Counter Logic Gaming
KOO Tigers
16/01/2013
51:48
KOO Tigers
19
30
Smeb

JKKU2811
Jin Air Green Wings
KOO Tigers
28/11/2011
41:43
KOO Tigers
03
04
kurO

KAHO3104
KOO Tigers
ahq e-Sports Club
31/04/2014
53:10
KOO Tigers
29
17
hojin

KPGO2905
KOO Tigers
paiN Gaming
29/05/2012
58:04
KOO Tigers
10
06
GorillA

CNDU1610
Counter Logic Gaming
NaJin e-mFire
16/10/2011
69:14
NaJin e-mFire
06
29
Duke

CNDU2509
Cloud9
NaJin e-mFire
25/09/2013
53:25
NaJin e-mFire
10
13
Duke

NJDU2203
NaJin e-mFire
Jin Air Green Wings
22/03/2011
49:22
NaJin e-mFire
25
13
Duke

NSDU1912
NaJin e-mFire
SBENU Sonicboom
19/12/2011
59:36
NaJin e-mFire
11
01
Duke

Registro nao encontrado!

Busca por CISO0603. Nos percorridos:
ICFR2209, NOAM0109, RIMI0102
CECL3102, CISO0603, COSO1410, EQDE2712, FCHU0608

CISO0603
Cloud9
Incredible Miracle
06/03/2012
26:50
Incredible Miracle
19
29
SONSTAR

