1 - FIRE2204, QTQG3101
2 - CBMA0309, CKNA1309
2 - PKBR1911, QLTN3005
2 - SLPY0809, TRLI0309

CBMA0309
CJ Entus
Bangkok Titans
03/09/2013
37:58
CJ Entus
34
13
MadLife

FIRE2204
Fnatic
Invictus Gaming
22/04/2012
58:34
Fnatic
24
22
Reignover

SLPY0809
Samsung Galaxy
LGD Gaming
08/09/2013
36:58
LGD Gaming
06
37
Pyl

QLTN3005
Qiao Gu Reapers
LGD Gaming
30/05/2012
21:34
Qiao Gu Reapers
38
21
TnT

QTQG3101
Qiao Gu Reapers
Team SoloMid
31/01/2015
62:31
Qiao Gu Reapers
21
18
QGV

TRLI0309
Team SoloMid
Rebels Anarchy
03/09/2014
51:27
Rebels Anarchy
20
23
lira

CKNA1309
Counter Logic Gaming
kt Rolster
13/09/2012
33:12
kt Rolster
22
31
Nagne

PKBR1911
paiN Gaming
kt Rolster
19/11/2011
34:33
paiN Gaming
30
20
brTT

